2015-11-21 09:04:14 [127.0.0.1][-][5dttei1arimcp78lh2oinr2km7][error][yii\web\HttpException:404] exception 'yii\base\InvalidRouteException' with message 'Unable to resolve the request: site/contact' in /var/www/A2M/vendor/yiisoft/yii2/base/Controller.php:122
Stack trace:
#0 /var/www/A2M/vendor/yiisoft/yii2/base/Module.php(455): yii\base\Controller->runAction('contact', Array)
#1 /var/www/A2M/vendor/yiisoft/yii2/web/Application.php(84): yii\base\Module->runAction('site/contact', Array)
#2 /var/www/A2M/vendor/yiisoft/yii2/base/Application.php(375): yii\web\Application->handleRequest(Object(yii\web\Request))
#3 /var/www/A2M/backend/web/index.php(18): yii\base\Application->run()
#4 {main}

Next exception 'yii\web\NotFoundHttpException' with message 'Page not found.' in /var/www/A2M/vendor/yiisoft/yii2/web/Application.php:96
Stack trace:
#0 /var/www/A2M/vendor/yiisoft/yii2/base/Application.php(375): yii\web\Application->handleRequest(Object(yii\web\Request))
#1 /var/www/A2M/backend/web/index.php(18): yii\base\Application->run()
#2 {main}
2015-11-21 09:04:14 [127.0.0.1][-][5dttei1arimcp78lh2oinr2km7][info][application] $_GET = [
    'r' => 'site/contact'
]

$_SESSION = [
    '__flash' => []
]

$_SERVER = [
    'HTTP_HOST' => 'backend.a2m.local'
    'HTTP_CONNECTION' => 'keep-alive'
    'HTTP_ACCEPT' => 'text/html,application/xhtml+xml,application/xml;q=0.9,image/webp,*/*;q=0.8'
    'HTTP_USER_AGENT' => 'Mozilla/5.0 (X11; Linux x86_64) AppleWebKit/537.36 (KHTML, like Gecko) Ubuntu Chromium/37.0.2062.120 Chrome/37.0.2062.120 Safari/537.36'
    'HTTP_ACCEPT_ENCODING' => 'gzip,deflate,sdch'
    'HTTP_ACCEPT_LANGUAGE' => 'ru-RU,ru;q=0.8,en-US;q=0.6,en;q=0.4'
    'PATH' => '/usr/local/sbin:/usr/local/bin:/usr/sbin:/usr/bin:/sbin:/bin'
    'SERVER_SIGNATURE' => ''
    'SERVER_SOFTWARE' => 'Apache/2.4.12 (Ubuntu)'
    'SERVER_NAME' => 'backend.a2m.local'
    'SERVER_ADDR' => '127.0.0.1'
    'SERVER_PORT' => '80'
    'REMOTE_HOST' => 'localhost'
    'REMOTE_ADDR' => '127.0.0.1'
    'DOCUMENT_ROOT' => '/var/www/A2M/backend/web'
    'REQUEST_SCHEME' => 'http'
    'CONTEXT_PREFIX' => ''
    'CONTEXT_DOCUMENT_ROOT' => '/var/www/A2M/backend/web'
    'SERVER_ADMIN' => '[no address given]'
    'SCRIPT_FILENAME' => '/var/www/A2M/backend/web/index.php'
    'REMOTE_PORT' => '56963'
    'GATEWAY_INTERFACE' => 'CGI/1.1'
    'SERVER_PROTOCOL' => 'HTTP/1.1'
    'REQUEST_METHOD' => 'GET'
    'QUERY_STRING' => 'r=site%2Fcontact'
    'REQUEST_URI' => '/index.php?r=site%2Fcontact'
    'SCRIPT_NAME' => '/index.php'
    'PHP_SELF' => '/index.php'
    'REQUEST_TIME_FLOAT' => 1448096654.497
    'REQUEST_TIME' => 1448096654
]
2015-11-21 09:04:34 [127.0.0.1][-][5dttei1arimcp78lh2oinr2km7][error][yii\db\Exception] exception 'PDOException' with message 'SQLSTATE[28000] [1045] Access denied for user 'root'@'localhost' (using password: NO)' in /var/www/A2M/vendor/yiisoft/yii2/db/Connection.php:579
Stack trace:
#0 /var/www/A2M/vendor/yiisoft/yii2/db/Connection.php(579): PDO->__construct('mysql:host=loca...', 'root', '', NULL)
#1 /var/www/A2M/vendor/yiisoft/yii2/db/Connection.php(529): yii\db\Connection->createPdoInstance()
#2 /var/www/A2M/vendor/yiisoft/yii2/db/Connection.php(836): yii\db\Connection->open()
#3 /var/www/A2M/vendor/yiisoft/yii2/db/Connection.php(823): yii\db\Connection->getMasterPdo()
#4 /var/www/A2M/vendor/yiisoft/yii2/db/Schema.php(477): yii\db\Connection->getSlavePdo()
#5 /var/www/A2M/vendor/yiisoft/yii2/db/Connection.php(732): yii\db\Schema->quoteValue('<span class="st...')
#6 /var/www/A2M/vendor/yiisoft/yii2/db/Command.php(172): yii\db\Connection->quoteValue('<span class="st...')
#7 /var/www/A2M/vendor/yiisoft/yii2/db/Command.php(806): yii\db\Command->getRawSql()
#8 /var/www/A2M/vendor/yiisoft/yii2/db/Command.php(373): yii\db\Command->queryInternal('<span class="st...', '<span class="ke...')
#9 /var/www/A2M/vendor/yiisoft/yii2/db/Query.php(243): yii\db\Command->queryOne()
#10 /var/www/A2M/vendor/yiisoft/yii2/db/ActiveQuery.php(300): yii\db\Query->one('<span class="ke...')
#11 /var/www/A2M/vendor/yiisoft/yii2/db/BaseActiveRecord.php(102): yii\db\ActiveQuery->one()
#12 /var/www/A2M/common/models/User.php(82): yii\db\BaseActiveRecord::findOne('[<span class="s...')
#13 /var/www/A2M/common/models/LoginForm.php(73): common\models\User::findByUsername('<span class="st...')
#14 /var/www/A2M/common/models/LoginForm.php(44): common\models\LoginForm->getUser()
#15 [internal function]: common\models\LoginForm->validatePassword('<span class="st...', '<span class="ke...')
#16 /var/www/A2M/vendor/yiisoft/yii2/validators/InlineValidator.php(69): call_user_func('[<span class="t...', '<span class="st...', '<span class="ke...')
#17 /var/www/A2M/vendor/yiisoft/yii2/validators/Validator.php(240): yii\validators\InlineValidator->validateAttribute(Object(common\models\LoginForm), '<span class="st...')
#18 /var/www/A2M/vendor/yiisoft/yii2/base/Model.php(352): yii\validators\Validator->validateAttributes(Object(common\models\LoginForm), '[<span class="s...')
#19 /var/www/A2M/common/models/LoginForm.php(58): yii\base\Model->validate()
#20 /var/www/A2M/backend/controllers/SiteController.php(68): common\models\LoginForm->login()
#21 [internal function]: backend\controllers\SiteController->actionLogin()
#22 /var/www/A2M/vendor/yiisoft/yii2/base/InlineAction.php(55): call_user_func_array('[<span class="t...', '[]')
#23 /var/www/A2M/vendor/yiisoft/yii2/base/Controller.php(151): yii\base\InlineAction->runWithParams('[<span class="s...')
#24 /var/www/A2M/vendor/yiisoft/yii2/base/Module.php(455): yii\base\Controller->runAction('<span class="st...', '[<span class="s...')
#25 /var/www/A2M/vendor/yiisoft/yii2/web/Application.php(84): yii\base\Module->runAction('<span class="st...', '[<span class="s...')
#26 /var/www/A2M/vendor/yiisoft/yii2/base/Application.php(375): yii\web\Application->handleRequest(Object(yii\web\Request))
#27 /var/www/A2M/backend/web/index.php(18): yii\base\Application->run()
#28 {main}

Next exception 'yii\db\Exception' with message 'SQLSTATE[28000] [1045] Access denied for user 'root'@'localhost' (using password: NO)' in /var/www/A2M/vendor/yiisoft/yii2/db/Connection.php:534
Stack trace:
#0 /var/www/A2M/vendor/yiisoft/yii2/db/Connection.php(836): yii\db\Connection->open()
#1 /var/www/A2M/vendor/yiisoft/yii2/db/Connection.php(823): yii\db\Connection->getMasterPdo()
#2 /var/www/A2M/vendor/yiisoft/yii2/db/Schema.php(477): yii\db\Connection->getSlavePdo()
#3 /var/www/A2M/vendor/yiisoft/yii2/db/Connection.php(732): yii\db\Schema->quoteValue('<span class="st...')
#4 /var/www/A2M/vendor/yiisoft/yii2/db/Command.php(172): yii\db\Connection->quoteValue('<span class="st...')
#5 /var/www/A2M/vendor/yiisoft/yii2/db/Command.php(806): yii\db\Command->getRawSql()
#6 /var/www/A2M/vendor/yiisoft/yii2/db/Command.php(373): yii\db\Command->queryInternal('<span class="st...', '<span class="ke...')
#7 /var/www/A2M/vendor/yiisoft/yii2/db/Query.php(243): yii\db\Command->queryOne()
#8 /var/www/A2M/vendor/yiisoft/yii2/db/ActiveQuery.php(300): yii\db\Query->one('<span class="ke...')
#9 /var/www/A2M/vendor/yiisoft/yii2/db/BaseActiveRecord.php(102): yii\db\ActiveQuery->one()
#10 /var/www/A2M/common/models/User.php(82): yii\db\BaseActiveRecord::findOne('[<span class="s...')
#11 /var/www/A2M/common/models/LoginForm.php(73): common\models\User::findByUsername('<span class="st...')
#12 /var/www/A2M/common/models/LoginForm.php(44): common\models\LoginForm->getUser()
#13 [internal function]: common\models\LoginForm->validatePassword('<span class="st...', '<span class="ke...')
#14 /var/www/A2M/vendor/yiisoft/yii2/validators/InlineValidator.php(69): call_user_func('[<span class="t...', '<span class="st...', '<span class="ke...')
#15 /var/www/A2M/vendor/yiisoft/yii2/validators/Validator.php(240): yii\validators\InlineValidator->validateAttribute(Object(common\models\LoginForm), '<span class="st...')
#16 /var/www/A2M/vendor/yiisoft/yii2/base/Model.php(352): yii\validators\Validator->validateAttributes(Object(common\models\LoginForm), '[<span class="s...')
#17 /var/www/A2M/common/models/LoginForm.php(58): yii\base\Model->validate()
#18 /var/www/A2M/backend/controllers/SiteController.php(68): common\models\LoginForm->login()
#19 [internal function]: backend\controllers\SiteController->actionLogin()
#20 /var/www/A2M/vendor/yiisoft/yii2/base/InlineAction.php(55): call_user_func_array('[<span class="t...', '[]')
#21 /var/www/A2M/vendor/yiisoft/yii2/base/Controller.php(151): yii\base\InlineAction->runWithParams('[<span class="s...')
#22 /var/www/A2M/vendor/yiisoft/yii2/base/Module.php(455): yii\base\Controller->runAction('<span class="st...', '[<span class="s...')
#23 /var/www/A2M/vendor/yiisoft/yii2/web/Application.php(84): yii\base\Module->runAction('<span class="st...', '[<span class="s...')
#24 /var/www/A2M/vendor/yiisoft/yii2/base/Application.php(375): yii\web\Application->handleRequest(Object(yii\web\Request))
#25 /var/www/A2M/backend/web/index.php(18): yii\base\Application->run()
#26 {main}
Additional Information:

2015-11-21 09:04:33 [127.0.0.1][-][5dttei1arimcp78lh2oinr2km7][info][application] $_GET = [
    'r' => 'site/login'
]

$_POST = [
    '_csrf' => 'c1ZNVi5RMkMkYwR7WwlwczwQASMfNQEBRjQIMWYTdTESGgwSXgZCKw=='
    'LoginForm' => [
        'username' => 'admin'
        'password' => 'admin'
        'rememberMe' => '1'
    ]
    'login-button' => ''
]

$_COOKIE = [
    '_csrf' => '470cae936b0223d5b1bb6167565bf0542939c54e6a7c1cc42ae1972dd2c9b208a:2:{i:0;s:5:\"_csrf\";i:1;s:32:\"W5I-uXB0OFLu1d3B5bEgHBGraLADpWph\";}'
    'PHPSESSID' => '5dttei1arimcp78lh2oinr2km7'
]

$_SESSION = [
    '__flash' => []
    '__returnUrl' => '/'
]

$_SERVER = [
    'HTTP_HOST' => 'backend.a2m.local'
    'HTTP_CONNECTION' => 'keep-alive'
    'CONTENT_LENGTH' => '196'
    'HTTP_CACHE_CONTROL' => 'max-age=0'
    'HTTP_ACCEPT' => 'text/html,application/xhtml+xml,application/xml;q=0.9,image/webp,*/*;q=0.8'
    'HTTP_ORIGIN' => 'http://backend.a2m.local'
    'HTTP_USER_AGENT' => 'Mozilla/5.0 (X11; Linux x86_64) AppleWebKit/537.36 (KHTML, like Gecko) Ubuntu Chromium/37.0.2062.120 Chrome/37.0.2062.120 Safari/537.36'
    'CONTENT_TYPE' => 'application/x-www-form-urlencoded'
    'HTTP_REFERER' => 'http://backend.a2m.local/index.php?r=site%2Flogin'
    'HTTP_ACCEPT_ENCODING' => 'gzip,deflate'
    'HTTP_ACCEPT_LANGUAGE' => 'ru-RU,ru;q=0.8,en-US;q=0.6,en;q=0.4'
    'HTTP_COOKIE' => '_csrf=470cae936b0223d5b1bb6167565bf0542939c54e6a7c1cc42ae1972dd2c9b208a%3A2%3A%7Bi%3A0%3Bs%3A5%3A%22_csrf%22%3Bi%3A1%3Bs%3A32%3A%22W5I-uXB0OFLu1d3B5bEgHBGraLADpWph%22%3B%7D; PHPSESSID=5dttei1arimcp78lh2oinr2km7'
    'PATH' => '/usr/local/sbin:/usr/local/bin:/usr/sbin:/usr/bin:/sbin:/bin'
    'SERVER_SIGNATURE' => ''
    'SERVER_SOFTWARE' => 'Apache/2.4.12 (Ubuntu)'
    'SERVER_NAME' => 'backend.a2m.local'
    'SERVER_ADDR' => '127.0.0.1'
    'SERVER_PORT' => '80'
    'REMOTE_HOST' => 'localhost'
    'REMOTE_ADDR' => '127.0.0.1'
    'DOCUMENT_ROOT' => '/var/www/A2M/backend/web'
    'REQUEST_SCHEME' => 'http'
    'CONTEXT_PREFIX' => ''
    'CONTEXT_DOCUMENT_ROOT' => '/var/www/A2M/backend/web'
    'SERVER_ADMIN' => '[no address given]'
    'SCRIPT_FILENAME' => '/var/www/A2M/backend/web/index.php'
    'REMOTE_PORT' => '56990'
    'GATEWAY_INTERFACE' => 'CGI/1.1'
    'SERVER_PROTOCOL' => 'HTTP/1.1'
    'REQUEST_METHOD' => 'POST'
    'QUERY_STRING' => 'r=site%2Flogin'
    'REQUEST_URI' => '/index.php?r=site%2Flogin'
    'SCRIPT_NAME' => '/index.php'
    'PHP_SELF' => '/index.php'
    'REQUEST_TIME_FLOAT' => 1448096673.525
    'REQUEST_TIME' => 1448096673
]
2015-11-21 09:23:05 [127.0.0.1][-][5dttei1arimcp78lh2oinr2km7][error][yii\db\Exception] exception 'PDOException' with message 'SQLSTATE[28000] [1045] Access denied for user 'root'@'localhost' (using password: NO)' in /var/www/A2M/vendor/yiisoft/yii2/db/Connection.php:579
Stack trace:
#0 /var/www/A2M/vendor/yiisoft/yii2/db/Connection.php(579): PDO->__construct('mysql:host=loca...', 'root', '', NULL)
#1 /var/www/A2M/vendor/yiisoft/yii2/db/Connection.php(529): yii\db\Connection->createPdoInstance()
#2 /var/www/A2M/vendor/yiisoft/yii2/db/Connection.php(836): yii\db\Connection->open()
#3 /var/www/A2M/vendor/yiisoft/yii2/db/Connection.php(823): yii\db\Connection->getMasterPdo()
#4 /var/www/A2M/vendor/yiisoft/yii2/db/Schema.php(477): yii\db\Connection->getSlavePdo()
#5 /var/www/A2M/vendor/yiisoft/yii2/db/Connection.php(732): yii\db\Schema->quoteValue('<span class="st...')
#6 /var/www/A2M/vendor/yiisoft/yii2/db/Command.php(172): yii\db\Connection->quoteValue('<span class="st...')
#7 /var/www/A2M/vendor/yiisoft/yii2/db/Command.php(806): yii\db\Command->getRawSql()
#8 /var/www/A2M/vendor/yiisoft/yii2/db/Command.php(373): yii\db\Command->queryInternal('<span class="st...', '<span class="ke...')
#9 /var/www/A2M/vendor/yiisoft/yii2/db/Query.php(243): yii\db\Command->queryOne()
#10 /var/www/A2M/vendor/yiisoft/yii2/db/ActiveQuery.php(300): yii\db\Query->one('<span class="ke...')
#11 /var/www/A2M/vendor/yiisoft/yii2/db/BaseActiveRecord.php(102): yii\db\ActiveQuery->one()
#12 /var/www/A2M/common/models/User.php(82): yii\db\BaseActiveRecord::findOne('[<span class="s...')
#13 /var/www/A2M/common/models/LoginForm.php(73): common\models\User::findByUsername('<span class="st...')
#14 /var/www/A2M/common/models/LoginForm.php(44): common\models\LoginForm->getUser()
#15 [internal function]: common\models\LoginForm->validatePassword('<span class="st...', '<span class="ke...')
#16 /var/www/A2M/vendor/yiisoft/yii2/validators/InlineValidator.php(69): call_user_func('[<span class="t...', '<span class="st...', '<span class="ke...')
#17 /var/www/A2M/vendor/yiisoft/yii2/validators/Validator.php(240): yii\validators\InlineValidator->validateAttribute(Object(common\models\LoginForm), '<span class="st...')
#18 /var/www/A2M/vendor/yiisoft/yii2/base/Model.php(352): yii\validators\Validator->validateAttributes(Object(common\models\LoginForm), '[<span class="s...')
#19 /var/www/A2M/common/models/LoginForm.php(58): yii\base\Model->validate()
#20 /var/www/A2M/backend/controllers/SiteController.php(68): common\models\LoginForm->login()
#21 [internal function]: backend\controllers\SiteController->actionLogin()
#22 /var/www/A2M/vendor/yiisoft/yii2/base/InlineAction.php(55): call_user_func_array('[<span class="t...', '[]')
#23 /var/www/A2M/vendor/yiisoft/yii2/base/Controller.php(151): yii\base\InlineAction->runWithParams('[<span class="s...')
#24 /var/www/A2M/vendor/yiisoft/yii2/base/Module.php(455): yii\base\Controller->runAction('<span class="st...', '[<span class="s...')
#25 /var/www/A2M/vendor/yiisoft/yii2/web/Application.php(84): yii\base\Module->runAction('<span class="st...', '[<span class="s...')
#26 /var/www/A2M/vendor/yiisoft/yii2/base/Application.php(375): yii\web\Application->handleRequest(Object(yii\web\Request))
#27 /var/www/A2M/backend/web/index.php(18): yii\base\Application->run()
#28 {main}

Next exception 'yii\db\Exception' with message 'SQLSTATE[28000] [1045] Access denied for user 'root'@'localhost' (using password: NO)' in /var/www/A2M/vendor/yiisoft/yii2/db/Connection.php:534
Stack trace:
#0 /var/www/A2M/vendor/yiisoft/yii2/db/Connection.php(836): yii\db\Connection->open()
#1 /var/www/A2M/vendor/yiisoft/yii2/db/Connection.php(823): yii\db\Connection->getMasterPdo()
#2 /var/www/A2M/vendor/yiisoft/yii2/db/Schema.php(477): yii\db\Connection->getSlavePdo()
#3 /var/www/A2M/vendor/yiisoft/yii2/db/Connection.php(732): yii\db\Schema->quoteValue('<span class="st...')
#4 /var/www/A2M/vendor/yiisoft/yii2/db/Command.php(172): yii\db\Connection->quoteValue('<span class="st...')
#5 /var/www/A2M/vendor/yiisoft/yii2/db/Command.php(806): yii\db\Command->getRawSql()
#6 /var/www/A2M/vendor/yiisoft/yii2/db/Command.php(373): yii\db\Command->queryInternal('<span class="st...', '<span class="ke...')
#7 /var/www/A2M/vendor/yiisoft/yii2/db/Query.php(243): yii\db\Command->queryOne()
#8 /var/www/A2M/vendor/yiisoft/yii2/db/ActiveQuery.php(300): yii\db\Query->one('<span class="ke...')
#9 /var/www/A2M/vendor/yiisoft/yii2/db/BaseActiveRecord.php(102): yii\db\ActiveQuery->one()
#10 /var/www/A2M/common/models/User.php(82): yii\db\BaseActiveRecord::findOne('[<span class="s...')
#11 /var/www/A2M/common/models/LoginForm.php(73): common\models\User::findByUsername('<span class="st...')
#12 /var/www/A2M/common/models/LoginForm.php(44): common\models\LoginForm->getUser()
#13 [internal function]: common\models\LoginForm->validatePassword('<span class="st...', '<span class="ke...')
#14 /var/www/A2M/vendor/yiisoft/yii2/validators/InlineValidator.php(69): call_user_func('[<span class="t...', '<span class="st...', '<span class="ke...')
#15 /var/www/A2M/vendor/yiisoft/yii2/validators/Validator.php(240): yii\validators\InlineValidator->validateAttribute(Object(common\models\LoginForm), '<span class="st...')
#16 /var/www/A2M/vendor/yiisoft/yii2/base/Model.php(352): yii\validators\Validator->validateAttributes(Object(common\models\LoginForm), '[<span class="s...')
#17 /var/www/A2M/common/models/LoginForm.php(58): yii\base\Model->validate()
#18 /var/www/A2M/backend/controllers/SiteController.php(68): common\models\LoginForm->login()
#19 [internal function]: backend\controllers\SiteController->actionLogin()
#20 /var/www/A2M/vendor/yiisoft/yii2/base/InlineAction.php(55): call_user_func_array('[<span class="t...', '[]')
#21 /var/www/A2M/vendor/yiisoft/yii2/base/Controller.php(151): yii\base\InlineAction->runWithParams('[<span class="s...')
#22 /var/www/A2M/vendor/yiisoft/yii2/base/Module.php(455): yii\base\Controller->runAction('<span class="st...', '[<span class="s...')
#23 /var/www/A2M/vendor/yiisoft/yii2/web/Application.php(84): yii\base\Module->runAction('<span class="st...', '[<span class="s...')
#24 /var/www/A2M/vendor/yiisoft/yii2/base/Application.php(375): yii\web\Application->handleRequest(Object(yii\web\Request))
#25 /var/www/A2M/backend/web/index.php(18): yii\base\Application->run()
#26 {main}
Additional Information:

2015-11-21 09:23:05 [127.0.0.1][-][5dttei1arimcp78lh2oinr2km7][info][application] $_GET = [
    'r' => 'site/login'
]

$_POST = [
    '_csrf' => 'NWtzR3hpdlFiXjpqDTE0YXotPzJJDUUTAAk2IDArMSNUJzIDCD4GOQ=='
    'LoginForm' => [
        'username' => 'admin'
        'password' => 'admin'
        'rememberMe' => '1'
    ]
    'login-button' => ''
]

$_COOKIE = [
    '_csrf' => '470cae936b0223d5b1bb6167565bf0542939c54e6a7c1cc42ae1972dd2c9b208a:2:{i:0;s:5:\"_csrf\";i:1;s:32:\"W5I-uXB0OFLu1d3B5bEgHBGraLADpWph\";}'
    'PHPSESSID' => '5dttei1arimcp78lh2oinr2km7'
]

$_SESSION = [
    '__flash' => []
    '__returnUrl' => '/index.php'
]

$_SERVER = [
    'HTTP_HOST' => 'backend.a2m.local'
    'HTTP_CONNECTION' => 'keep-alive'
    'CONTENT_LENGTH' => '196'
    'HTTP_CACHE_CONTROL' => 'max-age=0'
    'HTTP_ACCEPT' => 'text/html,application/xhtml+xml,application/xml;q=0.9,image/webp,*/*;q=0.8'
    'HTTP_ORIGIN' => 'http://backend.a2m.local'
    'HTTP_USER_AGENT' => 'Mozilla/5.0 (X11; Linux x86_64) AppleWebKit/537.36 (KHTML, like Gecko) Ubuntu Chromium/37.0.2062.120 Chrome/37.0.2062.120 Safari/537.36'
    'CONTENT_TYPE' => 'application/x-www-form-urlencoded'
    'HTTP_REFERER' => 'http://backend.a2m.local/index.php?r=site%2Flogin'
    'HTTP_ACCEPT_ENCODING' => 'gzip,deflate'
    'HTTP_ACCEPT_LANGUAGE' => 'ru-RU,ru;q=0.8,en-US;q=0.6,en;q=0.4'
    'HTTP_COOKIE' => '_csrf=470cae936b0223d5b1bb6167565bf0542939c54e6a7c1cc42ae1972dd2c9b208a%3A2%3A%7Bi%3A0%3Bs%3A5%3A%22_csrf%22%3Bi%3A1%3Bs%3A32%3A%22W5I-uXB0OFLu1d3B5bEgHBGraLADpWph%22%3B%7D; PHPSESSID=5dttei1arimcp78lh2oinr2km7'
    'PATH' => '/usr/local/sbin:/usr/local/bin:/usr/sbin:/usr/bin:/sbin:/bin'
    'SERVER_SIGNATURE' => ''
    'SERVER_SOFTWARE' => 'Apache/2.4.12 (Ubuntu)'
    'SERVER_NAME' => 'backend.a2m.local'
    'SERVER_ADDR' => '127.0.0.1'
    'SERVER_PORT' => '80'
    'REMOTE_HOST' => 'localhost'
    'REMOTE_ADDR' => '127.0.0.1'
    'DOCUMENT_ROOT' => '/var/www/A2M/backend/web'
    'REQUEST_SCHEME' => 'http'
    'CONTEXT_PREFIX' => ''
    'CONTEXT_DOCUMENT_ROOT' => '/var/www/A2M/backend/web'
    'SERVER_ADMIN' => '[no address given]'
    'SCRIPT_FILENAME' => '/var/www/A2M/backend/web/index.php'
    'REMOTE_PORT' => '57086'
    'GATEWAY_INTERFACE' => 'CGI/1.1'
    'SERVER_PROTOCOL' => 'HTTP/1.1'
    'REQUEST_METHOD' => 'POST'
    'QUERY_STRING' => 'r=site%2Flogin'
    'REQUEST_URI' => '/index.php?r=site%2Flogin'
    'SCRIPT_NAME' => '/index.php'
    'PHP_SELF' => '/index.php'
    'REQUEST_TIME_FLOAT' => 1448097785.196
    'REQUEST_TIME' => 1448097785
]
2015-11-21 09:31:42 [127.0.0.1][-][5dttei1arimcp78lh2oinr2km7][error][yii\db\Exception] exception 'PDOException' with message 'SQLSTATE[28000] [1045] Access denied for user 'root'@'localhost' (using password: NO)' in /var/www/A2M/vendor/yiisoft/yii2/db/Connection.php:579
Stack trace:
#0 /var/www/A2M/vendor/yiisoft/yii2/db/Connection.php(579): PDO->__construct('mysql:host=loca...', 'root', '', NULL)
#1 /var/www/A2M/vendor/yiisoft/yii2/db/Connection.php(529): yii\db\Connection->createPdoInstance()
#2 /var/www/A2M/vendor/yiisoft/yii2/db/Connection.php(836): yii\db\Connection->open()
#3 /var/www/A2M/vendor/yiisoft/yii2/db/Connection.php(823): yii\db\Connection->getMasterPdo()
#4 /var/www/A2M/vendor/yiisoft/yii2/db/Schema.php(477): yii\db\Connection->getSlavePdo()
#5 /var/www/A2M/vendor/yiisoft/yii2/db/Connection.php(732): yii\db\Schema->quoteValue('<span class="st...')
#6 /var/www/A2M/vendor/yiisoft/yii2/db/Command.php(172): yii\db\Connection->quoteValue('<span class="st...')
#7 /var/www/A2M/vendor/yiisoft/yii2/db/Command.php(806): yii\db\Command->getRawSql()
#8 /var/www/A2M/vendor/yiisoft/yii2/db/Command.php(373): yii\db\Command->queryInternal('<span class="st...', '<span class="ke...')
#9 /var/www/A2M/vendor/yiisoft/yii2/db/Query.php(243): yii\db\Command->queryOne()
#10 /var/www/A2M/vendor/yiisoft/yii2/db/ActiveQuery.php(300): yii\db\Query->one('<span class="ke...')
#11 /var/www/A2M/vendor/yiisoft/yii2/db/BaseActiveRecord.php(102): yii\db\ActiveQuery->one()
#12 /var/www/A2M/common/models/User.php(82): yii\db\BaseActiveRecord::findOne('[<span class="s...')
#13 /var/www/A2M/common/models/LoginForm.php(73): common\models\User::findByUsername('<span class="st...')
#14 /var/www/A2M/common/models/LoginForm.php(44): common\models\LoginForm->getUser()
#15 [internal function]: common\models\LoginForm->validatePassword('<span class="st...', '<span class="ke...')
#16 /var/www/A2M/vendor/yiisoft/yii2/validators/InlineValidator.php(69): call_user_func('[<span class="t...', '<span class="st...', '<span class="ke...')
#17 /var/www/A2M/vendor/yiisoft/yii2/validators/Validator.php(240): yii\validators\InlineValidator->validateAttribute(Object(common\models\LoginForm), '<span class="st...')
#18 /var/www/A2M/vendor/yiisoft/yii2/base/Model.php(352): yii\validators\Validator->validateAttributes(Object(common\models\LoginForm), '[<span class="s...')
#19 /var/www/A2M/common/models/LoginForm.php(58): yii\base\Model->validate()
#20 /var/www/A2M/backend/controllers/SiteController.php(68): common\models\LoginForm->login()
#21 [internal function]: backend\controllers\SiteController->actionLogin()
#22 /var/www/A2M/vendor/yiisoft/yii2/base/InlineAction.php(55): call_user_func_array('[<span class="t...', '[]')
#23 /var/www/A2M/vendor/yiisoft/yii2/base/Controller.php(151): yii\base\InlineAction->runWithParams('[<span class="s...')
#24 /var/www/A2M/vendor/yiisoft/yii2/base/Module.php(455): yii\base\Controller->runAction('<span class="st...', '[<span class="s...')
#25 /var/www/A2M/vendor/yiisoft/yii2/web/Application.php(84): yii\base\Module->runAction('<span class="st...', '[<span class="s...')
#26 /var/www/A2M/vendor/yiisoft/yii2/base/Application.php(375): yii\web\Application->handleRequest(Object(yii\web\Request))
#27 /var/www/A2M/backend/web/index.php(18): yii\base\Application->run()
#28 {main}

Next exception 'yii\db\Exception' with message 'SQLSTATE[28000] [1045] Access denied for user 'root'@'localhost' (using password: NO)' in /var/www/A2M/vendor/yiisoft/yii2/db/Connection.php:534
Stack trace:
#0 /var/www/A2M/vendor/yiisoft/yii2/db/Connection.php(836): yii\db\Connection->open()
#1 /var/www/A2M/vendor/yiisoft/yii2/db/Connection.php(823): yii\db\Connection->getMasterPdo()
#2 /var/www/A2M/vendor/yiisoft/yii2/db/Schema.php(477): yii\db\Connection->getSlavePdo()
#3 /var/www/A2M/vendor/yiisoft/yii2/db/Connection.php(732): yii\db\Schema->quoteValue('<span class="st...')
#4 /var/www/A2M/vendor/yiisoft/yii2/db/Command.php(172): yii\db\Connection->quoteValue('<span class="st...')
#5 /var/www/A2M/vendor/yiisoft/yii2/db/Command.php(806): yii\db\Command->getRawSql()
#6 /var/www/A2M/vendor/yiisoft/yii2/db/Command.php(373): yii\db\Command->queryInternal('<span class="st...', '<span class="ke...')
#7 /var/www/A2M/vendor/yiisoft/yii2/db/Query.php(243): yii\db\Command->queryOne()
#8 /var/www/A2M/vendor/yiisoft/yii2/db/ActiveQuery.php(300): yii\db\Query->one('<span class="ke...')
#9 /var/www/A2M/vendor/yiisoft/yii2/db/BaseActiveRecord.php(102): yii\db\ActiveQuery->one()
#10 /var/www/A2M/common/models/User.php(82): yii\db\BaseActiveRecord::findOne('[<span class="s...')
#11 /var/www/A2M/common/models/LoginForm.php(73): common\models\User::findByUsername('<span class="st...')
#12 /var/www/A2M/common/models/LoginForm.php(44): common\models\LoginForm->getUser()
#13 [internal function]: common\models\LoginForm->validatePassword('<span class="st...', '<span class="ke...')
#14 /var/www/A2M/vendor/yiisoft/yii2/validators/InlineValidator.php(69): call_user_func('[<span class="t...', '<span class="st...', '<span class="ke...')
#15 /var/www/A2M/vendor/yiisoft/yii2/validators/Validator.php(240): yii\validators\InlineValidator->validateAttribute(Object(common\models\LoginForm), '<span class="st...')
#16 /var/www/A2M/vendor/yiisoft/yii2/base/Model.php(352): yii\validators\Validator->validateAttributes(Object(common\models\LoginForm), '[<span class="s...')
#17 /var/www/A2M/common/models/LoginForm.php(58): yii\base\Model->validate()
#18 /var/www/A2M/backend/controllers/SiteController.php(68): common\models\LoginForm->login()
#19 [internal function]: backend\controllers\SiteController->actionLogin()
#20 /var/www/A2M/vendor/yiisoft/yii2/base/InlineAction.php(55): call_user_func_array('[<span class="t...', '[]')
#21 /var/www/A2M/vendor/yiisoft/yii2/base/Controller.php(151): yii\base\InlineAction->runWithParams('[<span class="s...')
#22 /var/www/A2M/vendor/yiisoft/yii2/base/Module.php(455): yii\base\Controller->runAction('<span class="st...', '[<span class="s...')
#23 /var/www/A2M/vendor/yiisoft/yii2/web/Application.php(84): yii\base\Module->runAction('<span class="st...', '[<span class="s...')
#24 /var/www/A2M/vendor/yiisoft/yii2/base/Application.php(375): yii\web\Application->handleRequest(Object(yii\web\Request))
#25 /var/www/A2M/backend/web/index.php(18): yii\base\Application->run()
#26 {main}
Additional Information:

2015-11-21 09:31:42 [127.0.0.1][-][5dttei1arimcp78lh2oinr2km7][info][application] $_GET = [
    'r' => 'site/login'
]

$_POST = [
    '_csrf' => 'SW9xT2d0TVMeWjhiEiwPYwYpPTpWEH4RfA00KC82CiEoIzALFyM9Ow=='
    'LoginForm' => [
        'username' => 'admin'
        'password' => 'admin'
        'rememberMe' => '1'
    ]
    'login-button' => ''
]

$_COOKIE = [
    '_csrf' => '470cae936b0223d5b1bb6167565bf0542939c54e6a7c1cc42ae1972dd2c9b208a:2:{i:0;s:5:\"_csrf\";i:1;s:32:\"W5I-uXB0OFLu1d3B5bEgHBGraLADpWph\";}'
    'PHPSESSID' => '5dttei1arimcp78lh2oinr2km7'
]

$_SESSION = [
    '__flash' => []
    '__returnUrl' => '/index.php'
]

$_SERVER = [
    'HTTP_HOST' => 'backend.a2m.local'
    'HTTP_CONNECTION' => 'keep-alive'
    'CONTENT_LENGTH' => '196'
    'HTTP_CACHE_CONTROL' => 'max-age=0'
    'HTTP_ACCEPT' => 'text/html,application/xhtml+xml,application/xml;q=0.9,image/webp,*/*;q=0.8'
    'HTTP_ORIGIN' => 'http://backend.a2m.local'
    'HTTP_USER_AGENT' => 'Mozilla/5.0 (X11; Linux x86_64) AppleWebKit/537.36 (KHTML, like Gecko) Ubuntu Chromium/37.0.2062.120 Chrome/37.0.2062.120 Safari/537.36'
    'CONTENT_TYPE' => 'application/x-www-form-urlencoded'
    'HTTP_REFERER' => 'http://backend.a2m.local/index.php?r=site%2Flogin'
    'HTTP_ACCEPT_ENCODING' => 'gzip,deflate'
    'HTTP_ACCEPT_LANGUAGE' => 'ru-RU,ru;q=0.8,en-US;q=0.6,en;q=0.4'
    'HTTP_COOKIE' => '_csrf=470cae936b0223d5b1bb6167565bf0542939c54e6a7c1cc42ae1972dd2c9b208a%3A2%3A%7Bi%3A0%3Bs%3A5%3A%22_csrf%22%3Bi%3A1%3Bs%3A32%3A%22W5I-uXB0OFLu1d3B5bEgHBGraLADpWph%22%3B%7D; PHPSESSID=5dttei1arimcp78lh2oinr2km7'
    'PATH' => '/usr/local/sbin:/usr/local/bin:/usr/sbin:/usr/bin:/sbin:/bin'
    'SERVER_SIGNATURE' => ''
    'SERVER_SOFTWARE' => 'Apache/2.4.12 (Ubuntu)'
    'SERVER_NAME' => 'backend.a2m.local'
    'SERVER_ADDR' => '127.0.0.1'
    'SERVER_PORT' => '80'
    'REMOTE_HOST' => 'localhost'
    'REMOTE_ADDR' => '127.0.0.1'
    'DOCUMENT_ROOT' => '/var/www/A2M/backend/web'
    'REQUEST_SCHEME' => 'http'
    'CONTEXT_PREFIX' => ''
    'CONTEXT_DOCUMENT_ROOT' => '/var/www/A2M/backend/web'
    'SERVER_ADMIN' => '[no address given]'
    'SCRIPT_FILENAME' => '/var/www/A2M/backend/web/index.php'
    'REMOTE_PORT' => '57293'
    'GATEWAY_INTERFACE' => 'CGI/1.1'
    'SERVER_PROTOCOL' => 'HTTP/1.1'
    'REQUEST_METHOD' => 'POST'
    'QUERY_STRING' => 'r=site%2Flogin'
    'REQUEST_URI' => '/index.php?r=site%2Flogin'
    'SCRIPT_NAME' => '/index.php'
    'PHP_SELF' => '/index.php'
    'REQUEST_TIME_FLOAT' => 1448098302.355
    'REQUEST_TIME' => 1448098302
]
2015-11-21 09:32:10 [127.0.0.1][-][5dttei1arimcp78lh2oinr2km7][error][yii\db\Exception] exception 'PDOException' with message 'SQLSTATE[28000] [1045] Access denied for user 'root'@'localhost' (using password: NO)' in /var/www/A2M/vendor/yiisoft/yii2/db/Connection.php:579
Stack trace:
#0 /var/www/A2M/vendor/yiisoft/yii2/db/Connection.php(579): PDO->__construct('mysql:host=loca...', 'root', '', NULL)
#1 /var/www/A2M/vendor/yiisoft/yii2/db/Connection.php(529): yii\db\Connection->createPdoInstance()
#2 /var/www/A2M/vendor/yiisoft/yii2/db/Connection.php(836): yii\db\Connection->open()
#3 /var/www/A2M/vendor/yiisoft/yii2/db/Connection.php(823): yii\db\Connection->getMasterPdo()
#4 /var/www/A2M/vendor/yiisoft/yii2/db/Schema.php(477): yii\db\Connection->getSlavePdo()
#5 /var/www/A2M/vendor/yiisoft/yii2/db/Connection.php(732): yii\db\Schema->quoteValue('<span class="st...')
#6 /var/www/A2M/vendor/yiisoft/yii2/db/Command.php(172): yii\db\Connection->quoteValue('<span class="st...')
#7 /var/www/A2M/vendor/yiisoft/yii2/db/Command.php(806): yii\db\Command->getRawSql()
#8 /var/www/A2M/vendor/yiisoft/yii2/db/Command.php(373): yii\db\Command->queryInternal('<span class="st...', '<span class="ke...')
#9 /var/www/A2M/vendor/yiisoft/yii2/db/Query.php(243): yii\db\Command->queryOne()
#10 /var/www/A2M/vendor/yiisoft/yii2/db/ActiveQuery.php(300): yii\db\Query->one('<span class="ke...')
#11 /var/www/A2M/vendor/yiisoft/yii2/db/BaseActiveRecord.php(102): yii\db\ActiveQuery->one()
#12 /var/www/A2M/common/models/User.php(82): yii\db\BaseActiveRecord::findOne('[<span class="s...')
#13 /var/www/A2M/common/models/LoginForm.php(73): common\models\User::findByUsername('<span class="st...')
#14 /var/www/A2M/common/models/LoginForm.php(44): common\models\LoginForm->getUser()
#15 [internal function]: common\models\LoginForm->validatePassword('<span class="st...', '<span class="ke...')
#16 /var/www/A2M/vendor/yiisoft/yii2/validators/InlineValidator.php(69): call_user_func('[<span class="t...', '<span class="st...', '<span class="ke...')
#17 /var/www/A2M/vendor/yiisoft/yii2/validators/Validator.php(240): yii\validators\InlineValidator->validateAttribute(Object(common\models\LoginForm), '<span class="st...')
#18 /var/www/A2M/vendor/yiisoft/yii2/base/Model.php(352): yii\validators\Validator->validateAttributes(Object(common\models\LoginForm), '[<span class="s...')
#19 /var/www/A2M/common/models/LoginForm.php(58): yii\base\Model->validate()
#20 /var/www/A2M/backend/controllers/SiteController.php(68): common\models\LoginForm->login()
#21 [internal function]: backend\controllers\SiteController->actionLogin()
#22 /var/www/A2M/vendor/yiisoft/yii2/base/InlineAction.php(55): call_user_func_array('[<span class="t...', '[]')
#23 /var/www/A2M/vendor/yiisoft/yii2/base/Controller.php(151): yii\base\InlineAction->runWithParams('[<span class="s...')
#24 /var/www/A2M/vendor/yiisoft/yii2/base/Module.php(455): yii\base\Controller->runAction('<span class="st...', '[<span class="s...')
#25 /var/www/A2M/vendor/yiisoft/yii2/web/Application.php(84): yii\base\Module->runAction('<span class="st...', '[<span class="s...')
#26 /var/www/A2M/vendor/yiisoft/yii2/base/Application.php(375): yii\web\Application->handleRequest(Object(yii\web\Request))
#27 /var/www/A2M/backend/web/index.php(18): yii\base\Application->run()
#28 {main}

Next exception 'yii\db\Exception' with message 'SQLSTATE[28000] [1045] Access denied for user 'root'@'localhost' (using password: NO)' in /var/www/A2M/vendor/yiisoft/yii2/db/Connection.php:534
Stack trace:
#0 /var/www/A2M/vendor/yiisoft/yii2/db/Connection.php(836): yii\db\Connection->open()
#1 /var/www/A2M/vendor/yiisoft/yii2/db/Connection.php(823): yii\db\Connection->getMasterPdo()
#2 /var/www/A2M/vendor/yiisoft/yii2/db/Schema.php(477): yii\db\Connection->getSlavePdo()
#3 /var/www/A2M/vendor/yiisoft/yii2/db/Connection.php(732): yii\db\Schema->quoteValue('<span class="st...')
#4 /var/www/A2M/vendor/yiisoft/yii2/db/Command.php(172): yii\db\Connection->quoteValue('<span class="st...')
#5 /var/www/A2M/vendor/yiisoft/yii2/db/Command.php(806): yii\db\Command->getRawSql()
#6 /var/www/A2M/vendor/yiisoft/yii2/db/Command.php(373): yii\db\Command->queryInternal('<span class="st...', '<span class="ke...')
#7 /var/www/A2M/vendor/yiisoft/yii2/db/Query.php(243): yii\db\Command->queryOne()
#8 /var/www/A2M/vendor/yiisoft/yii2/db/ActiveQuery.php(300): yii\db\Query->one('<span class="ke...')
#9 /var/www/A2M/vendor/yiisoft/yii2/db/BaseActiveRecord.php(102): yii\db\ActiveQuery->one()
#10 /var/www/A2M/common/models/User.php(82): yii\db\BaseActiveRecord::findOne('[<span class="s...')
#11 /var/www/A2M/common/models/LoginForm.php(73): common\models\User::findByUsername('<span class="st...')
#12 /var/www/A2M/common/models/LoginForm.php(44): common\models\LoginForm->getUser()
#13 [internal function]: common\models\LoginForm->validatePassword('<span class="st...', '<span class="ke...')
#14 /var/www/A2M/vendor/yiisoft/yii2/validators/InlineValidator.php(69): call_user_func('[<span class="t...', '<span class="st...', '<span class="ke...')
#15 /var/www/A2M/vendor/yiisoft/yii2/validators/Validator.php(240): yii\validators\InlineValidator->validateAttribute(Object(common\models\LoginForm), '<span class="st...')
#16 /var/www/A2M/vendor/yiisoft/yii2/base/Model.php(352): yii\validators\Validator->validateAttributes(Object(common\models\LoginForm), '[<span class="s...')
#17 /var/www/A2M/common/models/LoginForm.php(58): yii\base\Model->validate()
#18 /var/www/A2M/backend/controllers/SiteController.php(68): common\models\LoginForm->login()
#19 [internal function]: backend\controllers\SiteController->actionLogin()
#20 /var/www/A2M/vendor/yiisoft/yii2/base/InlineAction.php(55): call_user_func_array('[<span class="t...', '[]')
#21 /var/www/A2M/vendor/yiisoft/yii2/base/Controller.php(151): yii\base\InlineAction->runWithParams('[<span class="s...')
#22 /var/www/A2M/vendor/yiisoft/yii2/base/Module.php(455): yii\base\Controller->runAction('<span class="st...', '[<span class="s...')
#23 /var/www/A2M/vendor/yiisoft/yii2/web/Application.php(84): yii\base\Module->runAction('<span class="st...', '[<span class="s...')
#24 /var/www/A2M/vendor/yiisoft/yii2/base/Application.php(375): yii\web\Application->handleRequest(Object(yii\web\Request))
#25 /var/www/A2M/backend/web/index.php(18): yii\base\Application->run()
#26 {main}
Additional Information:

2015-11-21 09:32:10 [127.0.0.1][-][5dttei1arimcp78lh2oinr2km7][info][application] $_GET = [
    'r' => 'site/login'
]

$_POST = [
    '_csrf' => 'SW9xT2d0TVMeWjhiEiwPYwYpPTpWEH4RfA00KC82CiEoIzALFyM9Ow=='
    'LoginForm' => [
        'username' => 'admin'
        'password' => 'admin'
        'rememberMe' => '1'
    ]
    'login-button' => ''
]

$_COOKIE = [
    '_csrf' => '470cae936b0223d5b1bb6167565bf0542939c54e6a7c1cc42ae1972dd2c9b208a:2:{i:0;s:5:\"_csrf\";i:1;s:32:\"W5I-uXB0OFLu1d3B5bEgHBGraLADpWph\";}'
    'PHPSESSID' => '5dttei1arimcp78lh2oinr2km7'
]

$_SESSION = [
    '__flash' => []
    '__returnUrl' => '/index.php'
]

$_SERVER = [
    'HTTP_HOST' => 'backend.a2m.local'
    'HTTP_CONNECTION' => 'keep-alive'
    'CONTENT_LENGTH' => '196'
    'HTTP_CACHE_CONTROL' => 'max-age=0'
    'HTTP_ACCEPT' => 'text/html,application/xhtml+xml,application/xml;q=0.9,image/webp,*/*;q=0.8'
    'HTTP_ORIGIN' => 'http://backend.a2m.local'
    'HTTP_USER_AGENT' => 'Mozilla/5.0 (X11; Linux x86_64) AppleWebKit/537.36 (KHTML, like Gecko) Ubuntu Chromium/37.0.2062.120 Chrome/37.0.2062.120 Safari/537.36'
    'CONTENT_TYPE' => 'application/x-www-form-urlencoded'
    'HTTP_REFERER' => 'http://backend.a2m.local/index.php?r=site%2Flogin'
    'HTTP_ACCEPT_ENCODING' => 'gzip,deflate'
    'HTTP_ACCEPT_LANGUAGE' => 'ru-RU,ru;q=0.8,en-US;q=0.6,en;q=0.4'
    'HTTP_COOKIE' => '_csrf=470cae936b0223d5b1bb6167565bf0542939c54e6a7c1cc42ae1972dd2c9b208a%3A2%3A%7Bi%3A0%3Bs%3A5%3A%22_csrf%22%3Bi%3A1%3Bs%3A32%3A%22W5I-uXB0OFLu1d3B5bEgHBGraLADpWph%22%3B%7D; PHPSESSID=5dttei1arimcp78lh2oinr2km7'
    'PATH' => '/usr/local/sbin:/usr/local/bin:/usr/sbin:/usr/bin:/sbin:/bin'
    'SERVER_SIGNATURE' => ''
    'SERVER_SOFTWARE' => 'Apache/2.4.12 (Ubuntu)'
    'SERVER_NAME' => 'backend.a2m.local'
    'SERVER_ADDR' => '127.0.0.1'
    'SERVER_PORT' => '80'
    'REMOTE_HOST' => 'localhost'
    'REMOTE_ADDR' => '127.0.0.1'
    'DOCUMENT_ROOT' => '/var/www/A2M/backend/web'
    'REQUEST_SCHEME' => 'http'
    'CONTEXT_PREFIX' => ''
    'CONTEXT_DOCUMENT_ROOT' => '/var/www/A2M/backend/web'
    'SERVER_ADMIN' => '[no address given]'
    'SCRIPT_FILENAME' => '/var/www/A2M/backend/web/index.php'
    'REMOTE_PORT' => '57302'
    'GATEWAY_INTERFACE' => 'CGI/1.1'
    'SERVER_PROTOCOL' => 'HTTP/1.1'
    'REQUEST_METHOD' => 'POST'
    'QUERY_STRING' => 'r=site%2Flogin'
    'REQUEST_URI' => '/index.php?r=site%2Flogin'
    'SCRIPT_NAME' => '/index.php'
    'PHP_SELF' => '/index.php'
    'REQUEST_TIME_FLOAT' => 1448098330.405
    'REQUEST_TIME' => 1448098330
]
2015-11-21 09:49:57 [127.0.0.1][-][5dttei1arimcp78lh2oinr2km7][error][yii\db\Exception] exception 'PDOException' with message 'SQLSTATE[28000] [1045] Access denied for user 'root'@'localhost' (using password: NO)' in /var/www/A2M/vendor/yiisoft/yii2/db/Connection.php:579
Stack trace:
#0 /var/www/A2M/vendor/yiisoft/yii2/db/Connection.php(579): PDO->__construct('mysql:host=loca...', 'root', '', NULL)
#1 /var/www/A2M/vendor/yiisoft/yii2/db/Connection.php(529): yii\db\Connection->createPdoInstance()
#2 /var/www/A2M/vendor/yiisoft/yii2/db/Connection.php(836): yii\db\Connection->open()
#3 /var/www/A2M/vendor/yiisoft/yii2/db/Connection.php(823): yii\db\Connection->getMasterPdo()
#4 /var/www/A2M/vendor/yiisoft/yii2/db/Schema.php(477): yii\db\Connection->getSlavePdo()
#5 /var/www/A2M/vendor/yiisoft/yii2/db/Connection.php(732): yii\db\Schema->quoteValue('<span class="st...')
#6 /var/www/A2M/vendor/yiisoft/yii2/db/Command.php(172): yii\db\Connection->quoteValue('<span class="st...')
#7 /var/www/A2M/vendor/yiisoft/yii2/db/Command.php(806): yii\db\Command->getRawSql()
#8 /var/www/A2M/vendor/yiisoft/yii2/db/Command.php(373): yii\db\Command->queryInternal('<span class="st...', '<span class="ke...')
#9 /var/www/A2M/vendor/yiisoft/yii2/db/Query.php(243): yii\db\Command->queryOne()
#10 /var/www/A2M/vendor/yiisoft/yii2/db/ActiveQuery.php(300): yii\db\Query->one('<span class="ke...')
#11 /var/www/A2M/vendor/yiisoft/yii2/db/BaseActiveRecord.php(102): yii\db\ActiveQuery->one()
#12 /var/www/A2M/common/models/User.php(82): yii\db\BaseActiveRecord::findOne('[<span class="s...')
#13 /var/www/A2M/common/models/LoginForm.php(73): common\models\User::findByUsername('<span class="st...')
#14 /var/www/A2M/common/models/LoginForm.php(44): common\models\LoginForm->getUser()
#15 [internal function]: common\models\LoginForm->validatePassword('<span class="st...', '<span class="ke...')
#16 /var/www/A2M/vendor/yiisoft/yii2/validators/InlineValidator.php(69): call_user_func('[<span class="t...', '<span class="st...', '<span class="ke...')
#17 /var/www/A2M/vendor/yiisoft/yii2/validators/Validator.php(240): yii\validators\InlineValidator->validateAttribute(Object(common\models\LoginForm), '<span class="st...')
#18 /var/www/A2M/vendor/yiisoft/yii2/base/Model.php(352): yii\validators\Validator->validateAttributes(Object(common\models\LoginForm), '[<span class="s...')
#19 /var/www/A2M/common/models/LoginForm.php(58): yii\base\Model->validate()
#20 /var/www/A2M/backend/controllers/SiteController.php(68): common\models\LoginForm->login()
#21 [internal function]: backend\controllers\SiteController->actionLogin()
#22 /var/www/A2M/vendor/yiisoft/yii2/base/InlineAction.php(55): call_user_func_array('[<span class="t...', '[]')
#23 /var/www/A2M/vendor/yiisoft/yii2/base/Controller.php(151): yii\base\InlineAction->runWithParams('[<span class="s...')
#24 /var/www/A2M/vendor/yiisoft/yii2/base/Module.php(455): yii\base\Controller->runAction('<span class="st...', '[<span class="s...')
#25 /var/www/A2M/vendor/yiisoft/yii2/web/Application.php(84): yii\base\Module->runAction('<span class="st...', '[<span class="s...')
#26 /var/www/A2M/vendor/yiisoft/yii2/base/Application.php(375): yii\web\Application->handleRequest(Object(yii\web\Request))
#27 /var/www/A2M/backend/web/index.php(18): yii\base\Application->run()
#28 {main}

Next exception 'yii\db\Exception' with message 'SQLSTATE[28000] [1045] Access denied for user 'root'@'localhost' (using password: NO)' in /var/www/A2M/vendor/yiisoft/yii2/db/Connection.php:534
Stack trace:
#0 /var/www/A2M/vendor/yiisoft/yii2/db/Connection.php(836): yii\db\Connection->open()
#1 /var/www/A2M/vendor/yiisoft/yii2/db/Connection.php(823): yii\db\Connection->getMasterPdo()
#2 /var/www/A2M/vendor/yiisoft/yii2/db/Schema.php(477): yii\db\Connection->getSlavePdo()
#3 /var/www/A2M/vendor/yiisoft/yii2/db/Connection.php(732): yii\db\Schema->quoteValue('<span class="st...')
#4 /var/www/A2M/vendor/yiisoft/yii2/db/Command.php(172): yii\db\Connection->quoteValue('<span class="st...')
#5 /var/www/A2M/vendor/yiisoft/yii2/db/Command.php(806): yii\db\Command->getRawSql()
#6 /var/www/A2M/vendor/yiisoft/yii2/db/Command.php(373): yii\db\Command->queryInternal('<span class="st...', '<span class="ke...')
#7 /var/www/A2M/vendor/yiisoft/yii2/db/Query.php(243): yii\db\Command->queryOne()
#8 /var/www/A2M/vendor/yiisoft/yii2/db/ActiveQuery.php(300): yii\db\Query->one('<span class="ke...')
#9 /var/www/A2M/vendor/yiisoft/yii2/db/BaseActiveRecord.php(102): yii\db\ActiveQuery->one()
#10 /var/www/A2M/common/models/User.php(82): yii\db\BaseActiveRecord::findOne('[<span class="s...')
#11 /var/www/A2M/common/models/LoginForm.php(73): common\models\User::findByUsername('<span class="st...')
#12 /var/www/A2M/common/models/LoginForm.php(44): common\models\LoginForm->getUser()
#13 [internal function]: common\models\LoginForm->validatePassword('<span class="st...', '<span class="ke...')
#14 /var/www/A2M/vendor/yiisoft/yii2/validators/InlineValidator.php(69): call_user_func('[<span class="t...', '<span class="st...', '<span class="ke...')
#15 /var/www/A2M/vendor/yiisoft/yii2/validators/Validator.php(240): yii\validators\InlineValidator->validateAttribute(Object(common\models\LoginForm), '<span class="st...')
#16 /var/www/A2M/vendor/yiisoft/yii2/base/Model.php(352): yii\validators\Validator->validateAttributes(Object(common\models\LoginForm), '[<span class="s...')
#17 /var/www/A2M/common/models/LoginForm.php(58): yii\base\Model->validate()
#18 /var/www/A2M/backend/controllers/SiteController.php(68): common\models\LoginForm->login()
#19 [internal function]: backend\controllers\SiteController->actionLogin()
#20 /var/www/A2M/vendor/yiisoft/yii2/base/InlineAction.php(55): call_user_func_array('[<span class="t...', '[]')
#21 /var/www/A2M/vendor/yiisoft/yii2/base/Controller.php(151): yii\base\InlineAction->runWithParams('[<span class="s...')
#22 /var/www/A2M/vendor/yiisoft/yii2/base/Module.php(455): yii\base\Controller->runAction('<span class="st...', '[<span class="s...')
#23 /var/www/A2M/vendor/yiisoft/yii2/web/Application.php(84): yii\base\Module->runAction('<span class="st...', '[<span class="s...')
#24 /var/www/A2M/vendor/yiisoft/yii2/base/Application.php(375): yii\web\Application->handleRequest(Object(yii\web\Request))
#25 /var/www/A2M/backend/web/index.php(18): yii\base\Application->run()
#26 {main}
Additional Information:

2015-11-21 09:49:57 [127.0.0.1][-][5dttei1arimcp78lh2oinr2km7][info][application] $_GET = [
    'r' => 'site/login'
]

$_POST = [
    '_csrf' => 'bkpGU1lxaVo5fw9.LCkraiEMCiZoFVoYWygDNBEzLigPBgcXKSYZMg=='
    'LoginForm' => [
        'username' => 'admin'
        'password' => 'admin'
        'rememberMe' => '1'
    ]
    'login-button' => ''
]

$_COOKIE = [
    '_csrf' => '470cae936b0223d5b1bb6167565bf0542939c54e6a7c1cc42ae1972dd2c9b208a:2:{i:0;s:5:\"_csrf\";i:1;s:32:\"W5I-uXB0OFLu1d3B5bEgHBGraLADpWph\";}'
    'PHPSESSID' => '5dttei1arimcp78lh2oinr2km7'
]

$_SESSION = [
    '__flash' => []
    '__returnUrl' => '/index.php'
]

$_SERVER = [
    'HTTP_HOST' => 'backend.a2m.local'
    'HTTP_CONNECTION' => 'keep-alive'
    'CONTENT_LENGTH' => '196'
    'HTTP_CACHE_CONTROL' => 'max-age=0'
    'HTTP_ACCEPT' => 'text/html,application/xhtml+xml,application/xml;q=0.9,image/webp,*/*;q=0.8'
    'HTTP_ORIGIN' => 'http://backend.a2m.local'
    'HTTP_USER_AGENT' => 'Mozilla/5.0 (X11; Linux x86_64) AppleWebKit/537.36 (KHTML, like Gecko) Ubuntu Chromium/37.0.2062.120 Chrome/37.0.2062.120 Safari/537.36'
    'CONTENT_TYPE' => 'application/x-www-form-urlencoded'
    'HTTP_REFERER' => 'http://backend.a2m.local/index.php?r=site%2Flogin'
    'HTTP_ACCEPT_ENCODING' => 'gzip,deflate'
    'HTTP_ACCEPT_LANGUAGE' => 'ru-RU,ru;q=0.8,en-US;q=0.6,en;q=0.4'
    'HTTP_COOKIE' => '_csrf=470cae936b0223d5b1bb6167565bf0542939c54e6a7c1cc42ae1972dd2c9b208a%3A2%3A%7Bi%3A0%3Bs%3A5%3A%22_csrf%22%3Bi%3A1%3Bs%3A32%3A%22W5I-uXB0OFLu1d3B5bEgHBGraLADpWph%22%3B%7D; PHPSESSID=5dttei1arimcp78lh2oinr2km7'
    'PATH' => '/usr/local/sbin:/usr/local/bin:/usr/sbin:/usr/bin:/sbin:/bin'
    'SERVER_SIGNATURE' => ''
    'SERVER_SOFTWARE' => 'Apache/2.4.12 (Ubuntu)'
    'SERVER_NAME' => 'backend.a2m.local'
    'SERVER_ADDR' => '127.0.0.1'
    'SERVER_PORT' => '80'
    'REMOTE_HOST' => 'localhost'
    'REMOTE_ADDR' => '127.0.0.1'
    'DOCUMENT_ROOT' => '/var/www/A2M/backend/web'
    'REQUEST_SCHEME' => 'http'
    'CONTEXT_PREFIX' => ''
    'CONTEXT_DOCUMENT_ROOT' => '/var/www/A2M/backend/web'
    'SERVER_ADMIN' => '[no address given]'
    'SCRIPT_FILENAME' => '/var/www/A2M/backend/web/index.php'
    'REMOTE_PORT' => '57568'
    'GATEWAY_INTERFACE' => 'CGI/1.1'
    'SERVER_PROTOCOL' => 'HTTP/1.1'
    'REQUEST_METHOD' => 'POST'
    'QUERY_STRING' => 'r=site%2Flogin'
    'REQUEST_URI' => '/index.php?r=site%2Flogin'
    'SCRIPT_NAME' => '/index.php'
    'PHP_SELF' => '/index.php'
    'REQUEST_TIME_FLOAT' => 1448099397.218
    'REQUEST_TIME' => 1448099397
]
